0 info it worked if it ends with ok
1 verbose cli [ '/usr/local/bin/node', '/usr/local/bin/npm', 'install' ]
2 info using npm@2.15.11
3 info using node@v4.8.6
4 verbose readDependencies loading dependencies from /app/package.json
5 warn package.json smartmoney-abs@1.0.0 No description
6 warn package.json smartmoney-abs@1.0.0 No repository field.
7 warn package.json smartmoney-abs@1.0.0 No README data
8 warn package.json smartmoney-abs@1.0.0 No license field.
9 verbose install where, deps [ '/app', [ 'sjcl', 'stellar-sdk', 'stellar-wallet-js-sdk' ] ]
10 verbose install where, peers [ '/app', [] ]
11 verbose installManyTop reading for lifecycle /app/package.json
12 info preinstall smartmoney-abs@1.0.0
13 verbose readDependencies loading dependencies from /app/package.json
14 silly cache add args [ 'sjcl@1.0.3', null ]
15 verbose cache add spec sjcl@1.0.3
16 silly cache add args [ 'stellar-sdk@git+https://atticlab:Iy0qoqIbLDYgUop0Pegcxpl0MNQbtxXv@bitbucket.org/atticlab/js-smart-sdk.git#dev',
16 silly cache add   null ]
17 verbose cache add spec stellar-sdk@git+https://atticlab:Iy0qoqIbLDYgUop0Pegcxpl0MNQbtxXv@bitbucket.org/atticlab/js-smart-sdk.git#dev
18 silly cache add parsed spec Result {
18 silly cache add   raw: 'sjcl@1.0.3',
18 silly cache add   scope: null,
18 silly cache add   name: 'sjcl',
18 silly cache add   rawSpec: '1.0.3',
18 silly cache add   spec: '1.0.3',
18 silly cache add   type: 'version' }
19 silly addNamed sjcl@1.0.3
20 verbose addNamed "1.0.3" is a plain semver version for sjcl
21 silly mapToRegistry name sjcl
22 silly mapToRegistry using default registry
23 silly mapToRegistry registry https://registry.npmjs.org/
24 silly mapToRegistry data Result {
24 silly mapToRegistry   raw: 'sjcl',
24 silly mapToRegistry   scope: null,
24 silly mapToRegistry   name: 'sjcl',
24 silly mapToRegistry   rawSpec: '',
24 silly mapToRegistry   spec: 'latest',
24 silly mapToRegistry   type: 'tag' }
25 silly mapToRegistry uri https://registry.npmjs.org/sjcl
26 verbose addNameVersion registry:https://registry.npmjs.org/sjcl not in flight; fetching
27 silly cache add args [ 'stellar-wallet-js-sdk@git+ssh://git@bitbucket.attic.pw:7999/smar/stellar-wallet-js-sdk.git',
27 silly cache add   null ]
28 verbose cache add spec stellar-wallet-js-sdk@git+ssh://git@bitbucket.attic.pw:7999/smar/stellar-wallet-js-sdk.git
29 silly cache add parsed spec Result {
29 silly cache add   raw: 'stellar-sdk@git+https://atticlab:Iy0qoqIbLDYgUop0Pegcxpl0MNQbtxXv@bitbucket.org/atticlab/js-smart-sdk.git#dev',
29 silly cache add   scope: null,
29 silly cache add   name: 'stellar-sdk',
29 silly cache add   rawSpec: 'git+https://atticlab:Iy0qoqIbLDYgUop0Pegcxpl0MNQbtxXv@bitbucket.org/atticlab/js-smart-sdk.git#dev',
29 silly cache add   spec: 'git+https://atticlab:Iy0qoqIbLDYgUop0Pegcxpl0MNQbtxXv@bitbucket.org/atticlab/js-smart-sdk.git#dev',
29 silly cache add   type: 'hosted',
29 silly cache add   hosted:
29 silly cache add    { type: 'bitbucket',
29 silly cache add      ssh: 'git@bitbucket.org:atticlab/js-smart-sdk.git#dev',
29 silly cache add      sshUrl: 'git+ssh://git@bitbucket.org/atticlab/js-smart-sdk.git#dev',
29 silly cache add      httpsUrl: 'git+https://atticlab:Iy0qoqIbLDYgUop0Pegcxpl0MNQbtxXv@bitbucket.org/atticlab/js-smart-sdk.git#dev',
29 silly cache add      gitUrl: undefined,
29 silly cache add      shortcut: 'bitbucket:atticlab/js-smart-sdk#dev',
29 silly cache add      directUrl: 'https://bitbucket.org/atticlab/js-smart-sdk/raw/dev/package.json' } }
30 verbose addRemoteGit caching git+https://atticlab:Iy0qoqIbLDYgUop0Pegcxpl0MNQbtxXv@bitbucket.org/atticlab/js-smart-sdk.git#dev
31 verbose addRemoteGit git+https://atticlab:Iy0qoqIbLDYgUop0Pegcxpl0MNQbtxXv@bitbucket.org/atticlab/js-smart-sdk.git#dev is a repository hosted by bitbucket
32 silly tryClone cloning git+https://atticlab:Iy0qoqIbLDYgUop0Pegcxpl0MNQbtxXv@bitbucket.org/atticlab/js-smart-sdk.git#dev via git+https://atticlab:Iy0qoqIbLDYgUop0Pegcxpl0MNQbtxXv@bitbucket.org/atticlab/js-smart-sdk.git#dev
33 verbose tryClone https-atticlab-Iy0qoqIbLDYgUop0Pegcxpl0MNQbtxXv-bitbucket-org-atticlab-js-smart-sdk-git-26555664 not in flight; caching
34 verbose correctMkdir /root/.npm/_git-remotes correctMkdir not in flight; initializing
35 verbose request uri https://registry.npmjs.org/sjcl
36 verbose request no auth needed
37 info attempt registry request try #1 at 6:03:49 PM
38 verbose request id 441b6c169ff9fbca
39 http request GET https://registry.npmjs.org/sjcl
40 silly cache add parsed spec Result {
40 silly cache add   raw: 'stellar-wallet-js-sdk@git+ssh://git@bitbucket.attic.pw:7999/smar/stellar-wallet-js-sdk.git',
40 silly cache add   scope: null,
40 silly cache add   name: 'stellar-wallet-js-sdk',
40 silly cache add   rawSpec: 'git+ssh://git@bitbucket.attic.pw:7999/smar/stellar-wallet-js-sdk.git',
40 silly cache add   spec: 'ssh://git@bitbucket.attic.pw:7999/smar/stellar-wallet-js-sdk.git',
40 silly cache add   type: 'git' }
41 verbose addRemoteGit caching git+ssh://git@bitbucket.attic.pw:7999/smar/stellar-wallet-js-sdk.git
42 silly tryClone cloning git+ssh://git@bitbucket.attic.pw:7999/smar/stellar-wallet-js-sdk.git via git+ssh://git@bitbucket.attic.pw:7999/smar/stellar-wallet-js-sdk.git
43 verbose tryClone ssh-git-bitbucket-attic-pw-7999-smar-stellar-wallet-js-sdk-git-0ce2f75a not in flight; caching
44 verbose correctMkdir /root/.npm/_git-remotes correctMkdir already in flight; waiting
45 verbose makeDirectory /root/.npm/_git-remotes creation not in flight; initializing
46 silly makeDirectory /root/.npm/_git-remotes uid: 0 gid: 0
47 info git [ 'clone',
47 info git   '--template=/root/.npm/_git-remotes/_templates',
47 info git   '--mirror',
47 info git   'https://atticlab:Iy0qoqIbLDYgUop0Pegcxpl0MNQbtxXv@bitbucket.org/atticlab/js-smart-sdk.git',
47 info git   '/root/.npm/_git-remotes/https-atticlab-Iy0qoqIbLDYgUop0Pegcxpl0MNQbtxXv-bitbucket-org-atticlab-js-smart-sdk-git-26555664' ]
48 info git [ 'clone',
48 info git   '--template=/root/.npm/_git-remotes/_templates',
48 info git   '--mirror',
48 info git   'ssh://git@bitbucket.attic.pw:7999/smar/stellar-wallet-js-sdk.git',
48 info git   '/root/.npm/_git-remotes/ssh-git-bitbucket-attic-pw-7999-smar-stellar-wallet-js-sdk-git-0ce2f75a' ]
49 http 200 https://registry.npmjs.org/sjcl
50 verbose headers { server: 'nginx/1.10.1',
50 verbose headers   'content-type': 'application/json',
50 verbose headers   'last-modified': 'Wed, 12 Jul 2017 15:27:03 GMT',
50 verbose headers   etag: 'W/"59663fc7-2592"',
50 verbose headers   'content-encoding': 'gzip',
50 verbose headers   'cache-control': 'max-age=300',
50 verbose headers   'content-length': '2401',
50 verbose headers   'accept-ranges': 'bytes',
50 verbose headers   date: 'Sat, 11 Nov 2017 18:03:49 GMT',
50 verbose headers   via: '1.1 varnish',
50 verbose headers   age: '0',
50 verbose headers   connection: 'keep-alive',
50 verbose headers   'x-served-by': 'cache-iad2139-IAD',
50 verbose headers   'x-cache': 'MISS',
50 verbose headers   'x-cache-hits': '0',
50 verbose headers   'x-timer': 'S1510423430.840216,VS0,VE45',
50 verbose headers   vary: 'Accept-Encoding, Accept' }
51 silly get cb [ 200,
51 silly get   { server: 'nginx/1.10.1',
51 silly get     'content-type': 'application/json',
51 silly get     'last-modified': 'Wed, 12 Jul 2017 15:27:03 GMT',
51 silly get     etag: 'W/"59663fc7-2592"',
51 silly get     'content-encoding': 'gzip',
51 silly get     'cache-control': 'max-age=300',
51 silly get     'content-length': '2401',
51 silly get     'accept-ranges': 'bytes',
51 silly get     date: 'Sat, 11 Nov 2017 18:03:49 GMT',
51 silly get     via: '1.1 varnish',
51 silly get     age: '0',
51 silly get     connection: 'keep-alive',
51 silly get     'x-served-by': 'cache-iad2139-IAD',
51 silly get     'x-cache': 'MISS',
51 silly get     'x-cache-hits': '0',
51 silly get     'x-timer': 'S1510423430.840216,VS0,VE45',
51 silly get     vary: 'Accept-Encoding, Accept' } ]
52 verbose get saving sjcl to /root/.npm/registry.npmjs.org/sjcl/.cache.json
53 verbose correctMkdir /root/.npm correctMkdir not in flight; initializing
54 silly mapToRegistry name sjcl
55 silly mapToRegistry using default registry
56 silly mapToRegistry registry https://registry.npmjs.org/
57 silly mapToRegistry data Result {
57 silly mapToRegistry   raw: 'sjcl',
57 silly mapToRegistry   scope: null,
57 silly mapToRegistry   name: 'sjcl',
57 silly mapToRegistry   rawSpec: '',
57 silly mapToRegistry   spec: 'latest',
57 silly mapToRegistry   type: 'tag' }
58 silly mapToRegistry uri https://registry.npmjs.org/sjcl
59 verbose addRemoteTarball https://registry.npmjs.org/sjcl/-/sjcl-1.0.3.tgz not in flight; adding
60 verbose addRemoteTarball [ 'https://registry.npmjs.org/sjcl/-/sjcl-1.0.3.tgz',
60 verbose addRemoteTarball   '4ed486498ed6b742b5d4a21902268116f054a709' ]
61 info retry fetch attempt 1 at 6:03:49 PM
62 info attempt registry request try #1 at 6:03:49 PM
63 http fetch GET https://registry.npmjs.org/sjcl/-/sjcl-1.0.3.tgz
64 http fetch 200 https://registry.npmjs.org/sjcl/-/sjcl-1.0.3.tgz
65 error git clone --template=/root/.npm/_git-remotes/_templates --mirror ssh://git@bitbucket.attic.pw:7999/smar/stellar-wallet-js-sdk.git /root/.npm/_git-remotes/ssh-git-bitbucket-attic-pw-7999-smar-stellar-wallet-js-sdk-git-0ce2f75a: Cloning into bare repository '/root/.npm/_git-remotes/ssh-git-bitbucket-attic-pw-7999-smar-stellar-wallet-js-sdk-git-0ce2f75a'...
65 error git clone --template=/root/.npm/_git-remotes/_templates --mirror ssh://git@bitbucket.attic.pw:7999/smar/stellar-wallet-js-sdk.git /root/.npm/_git-remotes/ssh-git-bitbucket-attic-pw-7999-smar-stellar-wallet-js-sdk-git-0ce2f75a: ssh: connect to host bitbucket.attic.pw port 7999: Connection refused
65 error git clone --template=/root/.npm/_git-remotes/_templates --mirror ssh://git@bitbucket.attic.pw:7999/smar/stellar-wallet-js-sdk.git /root/.npm/_git-remotes/ssh-git-bitbucket-attic-pw-7999-smar-stellar-wallet-js-sdk-git-0ce2f75a: fatal: Could not read from remote repository.
65 error git clone --template=/root/.npm/_git-remotes/_templates --mirror ssh://git@bitbucket.attic.pw:7999/smar/stellar-wallet-js-sdk.git /root/.npm/_git-remotes/ssh-git-bitbucket-attic-pw-7999-smar-stellar-wallet-js-sdk-git-0ce2f75a:
65 error git clone --template=/root/.npm/_git-remotes/_templates --mirror ssh://git@bitbucket.attic.pw:7999/smar/stellar-wallet-js-sdk.git /root/.npm/_git-remotes/ssh-git-bitbucket-attic-pw-7999-smar-stellar-wallet-js-sdk-git-0ce2f75a: Please make sure you have the correct access rights
65 error git clone --template=/root/.npm/_git-remotes/_templates --mirror ssh://git@bitbucket.attic.pw:7999/smar/stellar-wallet-js-sdk.git /root/.npm/_git-remotes/ssh-git-bitbucket-attic-pw-7999-smar-stellar-wallet-js-sdk-git-0ce2f75a: and the repository exists.
66 silly fetchAndShaCheck shasum 4ed486498ed6b742b5d4a21902268116f054a709
67 verbose addTmpTarball /tmp/npm-77-44ab9d71/registry.npmjs.org/sjcl/-/sjcl-1.0.3.tgz not in flight; adding
68 verbose addTmpTarball already have metadata; skipping unpack for sjcl@1.0.3
69 verbose correctMkdir /root/.npm correctMkdir not in flight; initializing
70 silly cache afterAdd sjcl@1.0.3
71 verbose afterAdd /root/.npm/sjcl/1.0.3/package/package.json not in flight; writing
72 verbose correctMkdir /root/.npm correctMkdir not in flight; initializing
73 verbose afterAdd /root/.npm/sjcl/1.0.3/package/package.json written
74 verbose mirrorRemote git+https://atticlab:Iy0qoqIbLDYgUop0Pegcxpl0MNQbtxXv@bitbucket.org/atticlab/js-smart-sdk.git#dev git clone https://atticlab:Iy0qoqIbLDYgUop0Pegcxpl0MNQbtxXv@bitbucket.org/atticlab/js-smart-sdk.git
75 verbose correctMkdir /root/.npm/_git-remotes correctMkdir not in flight; initializing
76 verbose setPermissions git+https://atticlab:Iy0qoqIbLDYgUop0Pegcxpl0MNQbtxXv@bitbucket.org/atticlab/js-smart-sdk.git#dev set permissions on /root/.npm/_git-remotes/https-atticlab-Iy0qoqIbLDYgUop0Pegcxpl0MNQbtxXv-bitbucket-org-atticlab-js-smart-sdk-git-26555664
77 verbose resolveHead git+https://atticlab:Iy0qoqIbLDYgUop0Pegcxpl0MNQbtxXv@bitbucket.org/atticlab/js-smart-sdk.git#dev original treeish: dev
78 info git [ 'rev-list', '-n1', 'dev' ]
79 silly resolveHead git+https://atticlab:Iy0qoqIbLDYgUop0Pegcxpl0MNQbtxXv@bitbucket.org/atticlab/js-smart-sdk.git#dev resolved treeish: 27ad461895c3493350cf7787947fe4440b9216fe
80 verbose resolveHead git+https://atticlab:Iy0qoqIbLDYgUop0Pegcxpl0MNQbtxXv@bitbucket.org/atticlab/js-smart-sdk.git#dev resolved Git URL: git+https://atticlab:Iy0qoqIbLDYgUop0Pegcxpl0MNQbtxXv@bitbucket.org/atticlab/js-smart-sdk.git#27ad461895c3493350cf7787947fe4440b9216fe
81 silly resolveHead Git working directory: /tmp/npm-77-44ab9d71/git-cache-ab9d77926440/27ad461895c3493350cf7787947fe4440b9216fe
82 info git [ 'clone',
82 info git   '/root/.npm/_git-remotes/https-atticlab-Iy0qoqIbLDYgUop0Pegcxpl0MNQbtxXv-bitbucket-org-atticlab-js-smart-sdk-git-26555664',
82 info git   '/tmp/npm-77-44ab9d71/git-cache-ab9d77926440/27ad461895c3493350cf7787947fe4440b9216fe' ]
83 verbose cloneResolved git+https://atticlab:Iy0qoqIbLDYgUop0Pegcxpl0MNQbtxXv@bitbucket.org/atticlab/js-smart-sdk.git#dev clone Cloning into '/tmp/npm-77-44ab9d71/git-cache-ab9d77926440/27ad461895c3493350cf7787947fe4440b9216fe'...
83 verbose cloneResolved done.
84 info git [ 'checkout', '27ad461895c3493350cf7787947fe4440b9216fe' ]
85 verbose checkoutTreeish git+https://atticlab:Iy0qoqIbLDYgUop0Pegcxpl0MNQbtxXv@bitbucket.org/atticlab/js-smart-sdk.git#dev checkout Note: checking out '27ad461895c3493350cf7787947fe4440b9216fe'.
85 verbose checkoutTreeish
85 verbose checkoutTreeish You are in 'detached HEAD' state. You can look around, make experimental
85 verbose checkoutTreeish changes and commit them, and you can discard any commits you make in this
85 verbose checkoutTreeish state without impacting any branches by performing another checkout.
85 verbose checkoutTreeish
85 verbose checkoutTreeish If you want to create a new branch to retain commits you create, you may
85 verbose checkoutTreeish do so (now or later) by using -b with the checkout command again. Example:
85 verbose checkoutTreeish
85 verbose checkoutTreeish   git checkout -b new_branch_name
85 verbose checkoutTreeish
85 verbose checkoutTreeish HEAD is now at 27ad461... mnemonic addition build
86 verbose addLocalDirectory /root/.npm/stellar-sdk/0.4.2/package.tgz not in flight; packing
87 verbose correctMkdir /root/.npm correctMkdir not in flight; initializing
88 verbose tar pack [ '/root/.npm/stellar-sdk/0.4.2/package.tgz',
88 verbose tar pack   '/tmp/npm-77-44ab9d71/git-cache-ab9d77926440/27ad461895c3493350cf7787947fe4440b9216fe' ]
89 verbose tarball /root/.npm/stellar-sdk/0.4.2/package.tgz
90 verbose folder /tmp/npm-77-44ab9d71/git-cache-ab9d77926440/27ad461895c3493350cf7787947fe4440b9216fe
91 verbose addLocalTarball adding from inside cache /root/.npm/stellar-sdk/0.4.2/package.tgz
92 verbose correctMkdir /root/.npm correctMkdir not in flight; initializing
93 verbose addRemoteGit data._from: git+https://atticlab:Iy0qoqIbLDYgUop0Pegcxpl0MNQbtxXv@bitbucket.org/atticlab/js-smart-sdk.git#dev
94 verbose addRemoteGit data._resolved: git+https://atticlab:Iy0qoqIbLDYgUop0Pegcxpl0MNQbtxXv@bitbucket.org/atticlab/js-smart-sdk.git#27ad461895c3493350cf7787947fe4440b9216fe
95 silly cache afterAdd stellar-sdk@0.4.2
96 verbose afterAdd /root/.npm/stellar-sdk/0.4.2/package/package.json not in flight; writing
97 verbose correctMkdir /root/.npm correctMkdir not in flight; initializing
98 verbose afterAdd /root/.npm/stellar-sdk/0.4.2/package/package.json written
99 verbose stack Error: Command failed: git clone --template=/root/.npm/_git-remotes/_templates --mirror ssh://git@bitbucket.attic.pw:7999/smar/stellar-wallet-js-sdk.git /root/.npm/_git-remotes/ssh-git-bitbucket-attic-pw-7999-smar-stellar-wallet-js-sdk-git-0ce2f75a
99 verbose stack Cloning into bare repository '/root/.npm/_git-remotes/ssh-git-bitbucket-attic-pw-7999-smar-stellar-wallet-js-sdk-git-0ce2f75a'...
99 verbose stack ssh: connect to host bitbucket.attic.pw port 7999: Connection refused
99 verbose stack fatal: Could not read from remote repository.
99 verbose stack
99 verbose stack Please make sure you have the correct access rights
99 verbose stack and the repository exists.
99 verbose stack
99 verbose stack     at ChildProcess.exithandler (child_process.js:200:12)
99 verbose stack     at emitTwo (events.js:87:13)
99 verbose stack     at ChildProcess.emit (events.js:172:7)
99 verbose stack     at maybeClose (internal/child_process.js:862:16)
99 verbose stack     at Socket.<anonymous> (internal/child_process.js:338:11)
99 verbose stack     at emitOne (events.js:77:13)
99 verbose stack     at Socket.emit (events.js:169:7)
99 verbose stack     at Pipe._onclose (net.js:490:12)
100 verbose cwd /app
101 error Linux 4.12.0-0.bpo.2-amd64
102 error argv "/usr/local/bin/node" "/usr/local/bin/npm" "install"
103 error node v4.8.6
104 error npm  v2.15.11
105 error code 128
106 error Command failed: git clone --template=/root/.npm/_git-remotes/_templates --mirror ssh://git@bitbucket.attic.pw:7999/smar/stellar-wallet-js-sdk.git /root/.npm/_git-remotes/ssh-git-bitbucket-attic-pw-7999-smar-stellar-wallet-js-sdk-git-0ce2f75a
106 error Cloning into bare repository '/root/.npm/_git-remotes/ssh-git-bitbucket-attic-pw-7999-smar-stellar-wallet-js-sdk-git-0ce2f75a'...
106 error ssh: connect to host bitbucket.attic.pw port 7999: Connection refused
106 error fatal: Could not read from remote repository.
106 error
106 error Please make sure you have the correct access rights
106 error and the repository exists.
107 error If you need help, you may report this error at:
107 error     <https://github.com/npm/npm/issues>
108 verbose exit [ 1, true ]
